<?xml version="1.0" encoding="UTF-8"?>
<testsuite xmlns:xsi="http://www.w3.org/2001/XMLSchema-instance" xsi:noNamespaceSchemaLocation="https://maven.apache.org/surefire/maven-surefire-plugin/xsd/surefire-test-report-3.0.xsd" version="3.0" name="Verify the user search experience" time="36.459" tests="2" errors="0" skipped="0" failures="1">
  <properties>
[...]
</properties>
  <testcase name="Verify search behaviour is same in both Home and Offer page #1" classname="Verify the user search experience" time="20.773">
    <system-out><![CDATA[Browser Properties: firefox
Browser Maven: null
Browser Name: firefox
true
false
2
Product Name at Search Page: Tomato
Tomato
Test Case Completed Successfully for Search Functionality
]]></system-out>
  </testcase>
  <testcase name="Verify search behaviour is same in both Home and Offer page #2" classname="Verify the user search experience" time="15.686">
    <failure message="expected:&lt;[Beetroot]&gt; but was:&lt;[No data]&gt;" type="org.junit.ComparisonFailure"><![CDATA[org.junit.ComparisonFailure: expected:<[Beetroot]> but was:<[No data]>
	at org.junit.Assert.assertEquals(Assert.java:117)
	at org.junit.Assert.assertEquals(Assert.java:146)
	at StepDefinitions.OfferPageStepDefinition.user_validate_the_search_product_on_offer_page(OfferPageStepDefinition.java:33)
	at ✽.User validate the search product Beet on Offer page(file:///E:/Selenium/SeleniumWorkspace/First/E2ECucumber/src/test/java/features/CucumberFeature.feature:9)
]]></failure>
    <system-out><![CDATA[Browser Properties: firefox
Browser Maven: null
Browser Name: firefox
true
false
2
Product Name at Search Page: Beetroot
No data
]]></system-out>
  </testcase>
</testsuite>