<?xml version="1.0" encoding="UTF-8"?>
<testng-results ignored="0" total="1" passed="1" failed="0" skipped="0">
  <reporter-output>
  </reporter-output>
  <suite started-at="2024-10-05T14:06:55 IST" name="Default suite" finished-at="2024-10-05T14:07:20 IST" duration-ms="24298">
    <groups>
      <group name="cucumber">
        <method signature="AbstractTestNGCucumberTests.runScenario(io.cucumber.testng.PickleWrapper,io.cucumber.testng.FeatureWrapper)[pri:0, instance:TestRunner.TestNGRunner@433defed]" name="runScenario" class="io.cucumber.testng.AbstractTestNGCucumberTests"/>
      </group> <!-- cucumber -->
    </groups>
    <test started-at="2024-10-05T14:06:55 IST" name="Default test" finished-at="2024-10-05T14:07:20 IST" duration-ms="24298">
      <class name="TestRunner.TestNGRunner">
        <test-method is-config="true" signature="setUpClass(org.testng.ITestContext)[pri:0, instance:TestRunner.TestNGRunner@433defed]" started-at="2024-10-05T14:06:55 IST" name="setUpClass" finished-at="2024-10-05T14:06:57 IST" duration-ms="1757" status="PASS">
          <params>
            <param index="0">
              <value>
                <![CDATA[org.testng.TestRunner@52d6cd34]]>
              </value>
            </param>
          </params>
          <reporter-output>
          </reporter-output>
        </test-method> <!-- setUpClass -->
        <test-method signature="runScenario(io.cucumber.testng.PickleWrapper,io.cucumber.testng.FeatureWrapper)[pri:0, instance:TestRunner.TestNGRunner@433defed]" started-at="2024-10-05T14:06:57 IST" name="runScenario" description="Runs Cucumber Scenarios" data-provider="scenarios" finished-at="2024-10-05T14:07:19 IST" duration-ms="21571" status="PASS">
          <params>
            <param index="0">
              <value>
                <![CDATA["Verify add to Cart functionality and Checkout implementation"]]>
              </value>
            </param>
            <param index="1">
              <value>
                <![CDATA["Verify the user checkout experience"]]>
              </value>
            </param>
          </params>
          <reporter-output>
          </reporter-output>
        </test-method> <!-- runScenario -->
        <test-method is-config="true" signature="tearDownClass()[pri:0, instance:TestRunner.TestNGRunner@433defed]" started-at="2024-10-05T14:07:19 IST" name="tearDownClass" finished-at="2024-10-05T14:07:20 IST" duration-ms="877" status="PASS">
          <reporter-output>
          </reporter-output>
        </test-method> <!-- tearDownClass -->
      </class> <!-- TestRunner.TestNGRunner -->
    </test> <!-- Default test -->
  </suite> <!-- Default suite -->
</testng-results>
